D:\SOURCECODE\S3MB_SDK\S3MB_SDK各版本包\SAMPLE2012_DLL\SAMPLE2012\X64\RELEASE\ROGROUPLITE.OBJ
D:\SOURCECODE\S3MB_SDK\S3MB_SDK各版本包\SAMPLE2012_DLL\SAMPLE2012\X64\RELEASE\MAIN.OBJ
D:\SOURCECODE\S3MB_SDK\S3MB_SDK各版本包\SAMPLE2012_DLL\SAMPLE2012\X64\RELEASE\VC110.PDB
D:\SOURCECODE\S3MB_SDK\S3MB_SDK各版本包\SAMPLE2012_DLL\SAMPLE2012\BIN\SAMPLE2012.EXE
D:\SOURCECODE\S3MB_SDK\S3MB_SDK各版本包\SAMPLE2012_DLL\X64\RELEASE\SAMPLE2012.PDB
D:\SourceCode\S3MB_sdk\S3MB_SDK各版本包\Sample2012_Dll\x64\Release\Sample2012.lib
D:\SourceCode\S3MB_sdk\S3MB_SDK各版本包\Sample2012_Dll\x64\Release\Sample2012.exp
D:\SourceCode\S3MB_sdk\S3MB_SDK各版本包\Sample2012_Dll\Sample2012\x64\Release\main.obj
D:\SourceCode\S3MB_sdk\S3MB_SDK各版本包\Sample2012_Dll\Sample2012\x64\Release\ROGroupLite.obj
D:\SourceCode\S3MB_sdk\S3MB_SDK各版本包\Sample2012_Dll\Sample2012\x64\Release\cl.command.1.tlog
D:\SourceCode\S3MB_sdk\S3MB_SDK各版本包\Sample2012_Dll\Sample2012\x64\Release\CL.read.1.tlog
D:\SourceCode\S3MB_sdk\S3MB_SDK各版本包\Sample2012_Dll\Sample2012\x64\Release\CL.write.1.tlog
D:\SourceCode\S3MB_sdk\S3MB_SDK各版本包\Sample2012_Dll\Sample2012\x64\Release\link-cvtres.read.1.tlog
D:\SourceCode\S3MB_sdk\S3MB_SDK各版本包\Sample2012_Dll\Sample2012\x64\Release\link-cvtres.write.1.tlog
D:\SourceCode\S3MB_sdk\S3MB_SDK各版本包\Sample2012_Dll\Sample2012\x64\Release\link-rc.read.1.tlog
D:\SourceCode\S3MB_sdk\S3MB_SDK各版本包\Sample2012_Dll\Sample2012\x64\Release\link-rc.write.1.tlog
D:\SourceCode\S3MB_sdk\S3MB_SDK各版本包\Sample2012_Dll\Sample2012\x64\Release\link.command.1.tlog
D:\SourceCode\S3MB_sdk\S3MB_SDK各版本包\Sample2012_Dll\Sample2012\x64\Release\link.read.1.tlog
D:\SourceCode\S3MB_sdk\S3MB_SDK各版本包\Sample2012_Dll\Sample2012\x64\Release\link.write.1.tlog
D:\SourceCode\S3MB_sdk\S3MB_SDK各版本包\Sample2012_Dll\Sample2012\x64\Release\Sample2012.write.1.tlog
D:\SourceCode\S3MB_sdk\S3MB_SDK各版本包\Sample2012_Dll\Sample2012\x64\Release\vc110.pdb
D:\SourceCode\S3MB_sdk\S3MB_SDK各版本包\Sample2012_Dll\x64\Release\Sample2012.pdb
