  main.cpp
d:\sourcecode\s3mb_sdk\s3mb_sdk各版本包\sample2017_dll\sample2017\include\skeleton.h(15): warning C4067: 预处理器指令后有意外标记 - 应输入换行符
d:\sourcecode\s3mb_sdk\s3mb_sdk各版本包\sample2017_dll\sample2017\include\shell.h(224): warning C4267: “return”: 从“size_t”转换到“int”，可能丢失数据
d:\sourcecode\s3mb_sdk\s3mb_sdk各版本包\sample2017_dll\sample2017\include\shell.h(310): warning C4267: “return”: 从“size_t”转换到“int”，可能丢失数据
d:\sourcecode\s3mb_sdk\s3mb_sdk各版本包\sample2017_dll\sample2017\include\point3d.h(3): warning C4067: 预处理器指令后有意外标记 - 应输入换行符
d:\sourcecode\s3mb_sdk\s3mb_sdk各版本包\sample2017_dll\sample2017\include\point3d.h(10): warning C4067: 预处理器指令后有意外标记 - 应输入换行符
  ROGroupLite.cpp
d:\sourcecode\s3mb_sdk\s3mb_sdk各版本包\sample2017_dll\sample2017\include\skeleton.h(15): warning C4067: 预处理器指令后有意外标记 - 应输入换行符
d:\sourcecode\s3mb_sdk\s3mb_sdk各版本包\sample2017_dll\sample2017\include\shell.h(224): warning C4267: “return”: 从“size_t”转换到“int”，可能丢失数据
d:\sourcecode\s3mb_sdk\s3mb_sdk各版本包\sample2017_dll\sample2017\include\shell.h(310): warning C4267: “return”: 从“size_t”转换到“int”，可能丢失数据
d:\sourcecode\s3mb_sdk\s3mb_sdk各版本包\sample2017_dll\sample2017\libshared\gdal-2.1.3\gdal-2.1.3\include\cpl_string.h(284): warning C4251: “std::_String_alloc<std::_String_base_types<_Elem,_Alloc>>::_Mypair”: class“std::_Compressed_pair<std::allocator<char>,std::_String_val<std::_Simple_types<_Ty>>,true>”需要有 dll 接口由 class“std::_String_alloc<std::_String_base_types<_Elem,_Alloc>>”的客户端使用
          with
          [
              _Elem=char,
              _Alloc=std::allocator<char>
          ]
          and
          [
              _Ty=char
          ]
          and
          [
              _Elem=char,
              _Alloc=std::allocator<char>
          ]
  c:\program files (x86)\microsoft visual studio\2017\enterprise\vc\tools\msvc\14.16.27023\include\xstring(2052): note: 参见“std::_Compressed_pair<std::allocator<char>,std::_String_val<std::_Simple_types<_Ty>>,true>”的声明
          with
          [
              _Ty=char
          ]
d:\sourcecode\s3mb_sdk\s3mb_sdk各版本包\sample2017_dll\sample2017\libshared\gdal-2.1.3\gdal-2.1.3\include\gdal_priv.h(664): warning C4251: “GDALColorTable::aoEntries”: class“std::vector<GDALColorEntry,std::allocator<_Ty>>”需要有 dll 接口由 class“GDALColorTable”的客户端使用
          with
          [
              _Ty=GDALColorEntry
          ]
  d:\sourcecode\s3mb_sdk\s3mb_sdk各版本包\sample2017_dll\sample2017\libshared\gdal-2.1.3\gdal-2.1.3\include\gdal_priv.h(664): note: 参见“std::vector<GDALColorEntry,std::allocator<_Ty>>”的声明
          with
          [
              _Ty=GDALColorEntry
          ]
d:\sourcecode\s3mb_sdk\s3mb_sdk各版本包\sample2017_dll\sample2017\libshared\gdal-2.1.3\gdal-2.1.3\include\gdal_priv.h(1144): warning C4251: “GDALDriverManager::oMapNameToDrivers”: class“std::map<CPLString,GDALDriver *,std::less<_Kty>,std::allocator<std::pair<const _Kty,_Ty>>>”需要有 dll 接口由 class“GDALDriverManager”的客户端使用
          with
          [
              _Kty=CPLString,
              _Ty=GDALDriver *
          ]
  d:\sourcecode\s3mb_sdk\s3mb_sdk各版本包\sample2017_dll\sample2017\libshared\gdal-2.1.3\gdal-2.1.3\include\gdal_priv.h(1144): note: 参见“std::map<CPLString,GDALDriver *,std::less<_Kty>,std::allocator<std::pair<const _Kty,_Ty>>>”的声明
          with
          [
              _Kty=CPLString,
              _Ty=GDALDriver *
          ]
d:\sourcecode\s3mb_sdk\s3mb_sdk各版本包\sample2017_dll\sample2017\src\rogrouplite.cpp(144): warning C4267: “参数”: 从“size_t”转换到“unsigned int”，可能丢失数据
d:\sourcecode\s3mb_sdk\s3mb_sdk各版本包\sample2017_dll\sample2017\src\rogrouplite.cpp(158): warning C4267: “=”: 从“size_t”转换到“unsigned int”，可能丢失数据
d:\sourcecode\s3mb_sdk\s3mb_sdk各版本包\sample2017_dll\sample2017\src\rogrouplite.cpp(182): warning C4267: “参数”: 从“size_t”转换到“int”，可能丢失数据
d:\sourcecode\s3mb_sdk\s3mb_sdk各版本包\sample2017_dll\sample2017\src\rogrouplite.cpp(187): warning C4267: “参数”: 从“size_t”转换到“int”，可能丢失数据
d:\sourcecode\s3mb_sdk\s3mb_sdk各版本包\sample2017_dll\sample2017\src\rogrouplite.cpp(200): warning C4267: “=”: 从“size_t”转换到“unsigned short”，可能丢失数据
d:\sourcecode\s3mb_sdk\s3mb_sdk各版本包\sample2017_dll\sample2017\src\rogrouplite.cpp(210): warning C4267: “参数”: 从“size_t”转换到“int”，可能丢失数据
d:\sourcecode\s3mb_sdk\s3mb_sdk各版本包\sample2017_dll\sample2017\src\rogrouplite.cpp(215): warning C4267: “参数”: 从“size_t”转换到“int”，可能丢失数据
d:\sourcecode\s3mb_sdk\s3mb_sdk各版本包\sample2017_dll\sample2017\src\rogrouplite.cpp(229): warning C4267: “=”: 从“size_t”转换到“unsigned int”，可能丢失数据
d:\sourcecode\s3mb_sdk\s3mb_sdk各版本包\sample2017_dll\sample2017\src\rogrouplite.cpp(254): warning C4018: “<”: 有符号/无符号不匹配
c:\program files (x86)\microsoft visual studio\2017\enterprise\vc\tools\msvc\14.16.27023\include\utility(172): warning C4244: “初始化”: 从“_Ty”转换到“_Ty1”，可能丢失数据
          with
          [
              _Ty=int
          ]
          and
          [
              _Ty1=float
          ]
  d:\sourcecode\s3mb_sdk\s3mb_sdk各版本包\sample2017_dll\sample2017\src\rogrouplite.cpp(47): note: 参见对正在编译的函数 模板 实例化“std::pair<float,float>::pair<int,double&,0>(_Other1 &&,_Other2) noexcept”的引用
          with
          [
              _Other1=int,
              _Other2=double &
          ]
  d:\sourcecode\s3mb_sdk\s3mb_sdk各版本包\sample2017_dll\sample2017\src\rogrouplite.cpp(47): note: 参见对正在编译的函数 模板 实例化“std::pair<float,float>::pair<int,double&,0>(_Other1 &&,_Other2) noexcept”的引用
          with
          [
              _Other1=int,
              _Other2=double &
          ]
c:\program files (x86)\microsoft visual studio\2017\enterprise\vc\tools\msvc\14.16.27023\include\utility(173): warning C4244: “初始化”: 从“double”转换到“_Ty2”，可能丢失数据
          with
          [
              _Ty2=float
          ]
C:\Program Files (x86)\Microsoft Visual Studio\2017\Enterprise\Common7\IDE\VC\VCTargets\Microsoft.CppBuild.targets(1216,5): warning MSB8012: TargetPath(D:\SourceCode\S3MB_sdk\S3MB_SDK各版本包\Sample2017_Dll\x64\Release\Sample2017.exe) 与 Linker 的 OutputFile 属性值(D:\SourceCode\S3MB_sdk\S3MB_SDK各版本包\Sample2017_Dll\Sample2017\Bin\Sample2017.exe)不匹配。这可能导致项目生成不正确。若要更正此问题，请确保 $(OutDir)、$(TargetName) 和 $(TargetExt) 属性值与 %(Link.OutputFile) 中指定的值匹配。
    正在创建库 D:\SourceCode\S3MB_sdk\S3MB_SDK各版本包\Sample2017_Dll\x64\Release\Sample2017.lib 和对象 D:\SourceCode\S3MB_sdk\S3MB_SDK各版本包\Sample2017_Dll\x64\Release\Sample2017.exp
MSVCRT.lib(initializers.obj) : warning LNK4098: 默认库“libcmt.lib”与其他库的使用冲突；请使用 /NODEFAULTLIB:library
  正在生成代码
  All 2008 functions were compiled because no usable IPDB/IOBJ from previous compilation was found.
  已完成代码的生成
jpeg.lib(Jerror.obj) : warning LNK4049: 已导入本地定义的符号 sprintf
jpeg.lib(Jmemmgr.obj) : warning LNK4049: 已导入本地定义的符号 sscanf
json_vc71_libmt.lib(json_writer.obj) : warning LNK4099: 未找到 PDB“lib_json.pdb”(使用“json_vc71_libmt.lib(json_writer.obj)”或在“D:\SourceCode\S3MB_sdk\S3MB_SDK各版本包\Sample2017_Dll\x64\Release\lib_json.pdb”中寻找)；正在链接对象，如同没有调试信息一样
json_vc71_libmt.lib(json_value.obj) : warning LNK4099: 未找到 PDB“lib_json.pdb”(使用“json_vc71_libmt.lib(json_value.obj)”或在“D:\SourceCode\S3MB_sdk\S3MB_SDK各版本包\Sample2017_Dll\x64\Release\lib_json.pdb”中寻找)；正在链接对象，如同没有调试信息一样
json_vc71_libmt.lib(json_reader.obj) : warning LNK4099: 未找到 PDB“lib_json.pdb”(使用“json_vc71_libmt.lib(json_reader.obj)”或在“D:\SourceCode\S3MB_sdk\S3MB_SDK各版本包\Sample2017_Dll\x64\Release\lib_json.pdb”中寻找)；正在链接对象，如同没有调试信息一样
  Sample2017.vcxproj -> D:\SourceCode\S3MB_sdk\S3MB_SDK各版本包\Sample2017_Dll\x64\Release\Sample2017.exe
